  SudokuSolver.cpp
c:\users\grayson spidle\documents\github\sudokusolver\sudokusolver\sudokusolver.cpp(65): warning C4348: 'testBoardLayout': redefinition of default parameter: parameter 3
  c:\users\grayson spidle\documents\github\sudokusolver\sudokusolver\sudokusolver.cpp(18): note: see declaration of 'testBoardLayout'
c:\users\grayson spidle\documents\github\sudokusolver\sudokusolver\sudokusolver.cpp(98): warning C4348: 'getMarkings': redefinition of default parameter: parameter 3
  c:\users\grayson spidle\documents\github\sudokusolver\sudokusolver\sudokusolver.cpp(21): note: see declaration of 'getMarkings'
c:\users\grayson spidle\documents\github\sudokusolver\sudokusolver\sudokusolver.cpp(108): warning C4348: 'printMarkings': redefinition of default parameter: parameter 3
  c:\users\grayson spidle\documents\github\sudokusolver\sudokusolver\sudokusolver.cpp(24): note: see declaration of 'printMarkings'
c:\users\grayson spidle\documents\github\sudokusolver\sudokusolver\sudokusolver.cpp(123): warning C4348: 'printBoard': redefinition of default parameter: parameter 3
  c:\users\grayson spidle\documents\github\sudokusolver\sudokusolver\sudokusolver.cpp(27): note: see declaration of 'printBoard'
c:\users\grayson spidle\documents\github\sudokusolver\sudokusolver\unit.h(95): warning C4244: 'return': conversion from '__int64' to '_Ty', possible loss of data
          with
          [
              _Ty=_Ty
          ]
  c:\users\grayson spidle\documents\github\sudokusolver\sudokusolver\unit.h(94): note: while compiling class template member function '_Ty Unit<_Ty,9,std::enable_if<true,void>>::countCellsMarkedWith(_Ty) const'
          with
          [
              _Ty=_Ty
          ]
  c:\program files (x86)\microsoft visual studio\2017\community\vc\tools\msvc\14.16.27023\include\array(225): note: see reference to class template instantiation 'Unit<_Ty,9,std::enable_if<true,void>>' being compiled
          with
          [
              _Ty=_Ty
          ]
  c:\users\grayson spidle\documents\github\sudokusolver\sudokusolver\board.h(11): note: see reference to class template instantiation 'std::array<Unit<_Ty,9,std::enable_if<true,void>>,9>' being compiled
          with
          [
              _Ty=_Ty
          ]
  c:\users\grayson spidle\documents\github\sudokusolver\sudokusolver\sudokusolver.cpp(47): note: see reference to class template instantiation 'Board<_Ty,9,std::enable_if<true,void>>' being compiled
c:\users\grayson spidle\documents\github\sudokusolver\sudokusolver\algorithms.h(292): error C2039: 'begin': is not a member of 'AbstractUnit<_Ty,9,std::enable_if<true,void>>'
          with
          [
              _Ty=_Ty
          ]
  c:\users\grayson spidle\documents\github\sudokusolver\sudokusolver\abstractboard.h(14): note: see declaration of 'AbstractUnit<_Ty,9,std::enable_if<true,void>>'
          with
          [
              _Ty=_Ty
          ]
  c:\users\grayson spidle\documents\github\sudokusolver\sudokusolver\sudokusolver.cpp(50): note: see reference to function template instantiation 'bool SudokuAlgorithms::intersectionRemoval<_Ty,9,std::enable_if<true,void>>(AbstractBoard<_Ty,9,std::enable_if<true,void>> &)' being compiled
          with
          [
              _Ty=_Ty
          ]
c:\users\grayson spidle\documents\github\sudokusolver\sudokusolver\algorithms.h(292): error C2039: 'end': is not a member of 'AbstractUnit<_Ty,9,std::enable_if<true,void>>'
          with
          [
              _Ty=_Ty
          ]
  c:\users\grayson spidle\documents\github\sudokusolver\sudokusolver\abstractboard.h(14): note: see declaration of 'AbstractUnit<_Ty,9,std::enable_if<true,void>>'
          with
          [
              _Ty=_Ty
          ]
c:\users\grayson spidle\documents\github\sudokusolver\sudokusolver\algorithms.h(292): error C2672: 'std::for_each': no matching overloaded function found
c:\users\grayson spidle\documents\github\sudokusolver\sudokusolver\algorithms.h(292): error C2780: '_Fn std::for_each(_InIt,_InIt,_Fn)': expects 3 arguments - 2 provided
  c:\program files (x86)\microsoft visual studio\2017\community\vc\tools\msvc\14.16.27023\include\algorithm(85): note: see declaration of 'std::for_each'
c:\users\grayson spidle\documents\github\sudokusolver\sudokusolver\algorithms.h(298): error C2039: 'begin': is not a member of 'AbstractUnit<_Ty,9,std::enable_if<true,void>>'
          with
          [
              _Ty=_Ty
          ]
  c:\users\grayson spidle\documents\github\sudokusolver\sudokusolver\abstractboard.h(14): note: see declaration of 'AbstractUnit<_Ty,9,std::enable_if<true,void>>'
          with
          [
              _Ty=_Ty
          ]
c:\users\grayson spidle\documents\github\sudokusolver\sudokusolver\algorithms.h(298): error C2039: 'end': is not a member of 'AbstractUnit<_Ty,9,std::enable_if<true,void>>'
          with
          [
              _Ty=_Ty
          ]
  c:\users\grayson spidle\documents\github\sudokusolver\sudokusolver\abstractboard.h(14): note: see declaration of 'AbstractUnit<_Ty,9,std::enable_if<true,void>>'
          with
          [
              _Ty=_Ty
          ]
c:\users\grayson spidle\documents\github\sudokusolver\sudokusolver\algorithms.h(298): error C2672: 'std::any_of': no matching overloaded function found
c:\users\grayson spidle\documents\github\sudokusolver\sudokusolver\algorithms.h(298): error C2780: 'bool std::any_of(const _InIt,const _InIt,_Pr)': expects 3 arguments - 2 provided
  c:\program files (x86)\microsoft visual studio\2017\community\vc\tools\msvc\14.16.27023\include\algorithm(520): note: see declaration of 'std::any_of'
c:\users\grayson spidle\documents\github\sudokusolver\sudokusolver\algorithms.h(310): error C2039: 'begin': is not a member of 'AbstractUnit<_Ty,9,std::enable_if<true,void>>'
          with
          [
              _Ty=_Ty
          ]
  c:\users\grayson spidle\documents\github\sudokusolver\sudokusolver\abstractboard.h(14): note: see declaration of 'AbstractUnit<_Ty,9,std::enable_if<true,void>>'
          with
          [
              _Ty=_Ty
          ]
c:\users\grayson spidle\documents\github\sudokusolver\sudokusolver\algorithms.h(310): error C2039: 'end': is not a member of 'AbstractUnit<_Ty,9,std::enable_if<true,void>>'
          with
          [
              _Ty=_Ty
          ]
  c:\users\grayson spidle\documents\github\sudokusolver\sudokusolver\abstractboard.h(14): note: see declaration of 'AbstractUnit<_Ty,9,std::enable_if<true,void>>'
          with
          [
              _Ty=_Ty
          ]
c:\users\grayson spidle\documents\github\sudokusolver\sudokusolver\algorithms.h(310): error C2672: 'std::for_each': no matching overloaded function found
c:\users\grayson spidle\documents\github\sudokusolver\sudokusolver\algorithms.h(310): error C2780: '_Fn std::for_each(_InIt,_InIt,_Fn)': expects 3 arguments - 2 provided
  c:\program files (x86)\microsoft visual studio\2017\community\vc\tools\msvc\14.16.27023\include\algorithm(85): note: see declaration of 'std::for_each'
c:\users\grayson spidle\documents\github\sudokusolver\sudokusolver\algorithms.h(326): error C2259: 'AbstractUnit<_Ty,9,std::enable_if<true,void>>': cannot instantiate abstract class
          with
          [
              _Ty=_Ty
          ]
  c:\users\grayson spidle\documents\github\sudokusolver\sudokusolver\algorithms.h(326): note: due to following members:
  c:\users\grayson spidle\documents\github\sudokusolver\sudokusolver\algorithms.h(326): note: 'AbstractCell<_Ty,9,std::enable_if<true,void>> &AbstractUnit<_Ty,9,std::enable_if<true,void>>::operator [](_Ty)': is abstract
          with
          [
              _Ty=_Ty
          ]
  c:\users\grayson spidle\documents\github\sudokusolver\sudokusolver\abstractunit.h(13): note: see declaration of 'AbstractUnit<_Ty,9,std::enable_if<true,void>>::operator []'
          with
          [
              _Ty=_Ty
          ]
  c:\users\grayson spidle\documents\github\sudokusolver\sudokusolver\algorithms.h(326): note: 'AbstractCell<_Ty,9,std::enable_if<true,void>> &AbstractUnit<_Ty,9,std::enable_if<true,void>>::cell(_Ty,_Ty)': is abstract
          with
          [
              _Ty=_Ty
          ]
  c:\users\grayson spidle\documents\github\sudokusolver\sudokusolver\abstractunit.h(15): note: see declaration of 'AbstractUnit<_Ty,9,std::enable_if<true,void>>::cell'
          with
          [
              _Ty=_Ty
          ]
  c:\users\grayson spidle\documents\github\sudokusolver\sudokusolver\algorithms.h(326): note: 'AbstractCell<_Ty,9,std::enable_if<true,void>> &AbstractUnit<_Ty,9,std::enable_if<true,void>>::cell(_Ty)': is abstract
          with
          [
              _Ty=_Ty
          ]
  c:\users\grayson spidle\documents\github\sudokusolver\sudokusolver\abstractunit.h(14): note: see declaration of 'AbstractUnit<_Ty,9,std::enable_if<true,void>>::cell'
          with
          [
              _Ty=_Ty
          ]
  c:\users\grayson spidle\documents\github\sudokusolver\sudokusolver\algorithms.h(326): note: '_Ty AbstractUnit<_Ty,9,std::enable_if<true,void>>::countCellsMarkedWith(_Ty) const': is abstract
          with
          [
              _Ty=_Ty
          ]
  c:\users\grayson spidle\documents\github\sudokusolver\sudokusolver\abstractunit.h(16): note: see declaration of 'AbstractUnit<_Ty,9,std::enable_if<true,void>>::countCellsMarkedWith'
          with
          [
              _Ty=_Ty
          ]
c:\users\grayson spidle\documents\github\sudokusolver\sudokusolver\algorithms.h(328): error C2039: 'begin': is not a member of 'AbstractUnit<_Ty,9,std::enable_if<true,void>>'
          with
          [
              _Ty=_Ty
          ]
  c:\users\grayson spidle\documents\github\sudokusolver\sudokusolver\abstractboard.h(14): note: see declaration of 'AbstractUnit<_Ty,9,std::enable_if<true,void>>'
          with
          [
              _Ty=_Ty
          ]
c:\users\grayson spidle\documents\github\sudokusolver\sudokusolver\algorithms.h(328): error C2039: 'end': is not a member of 'AbstractUnit<_Ty,9,std::enable_if<true,void>>'
          with
          [
              _Ty=_Ty
          ]
  c:\users\grayson spidle\documents\github\sudokusolver\sudokusolver\abstractboard.h(14): note: see declaration of 'AbstractUnit<_Ty,9,std::enable_if<true,void>>'
          with
          [
              _Ty=_Ty
          ]
c:\users\grayson spidle\documents\github\sudokusolver\sudokusolver\algorithms.h(331): error C3493: 'it' cannot be implicitly captured because no default capture mode has been specified
c:\users\grayson spidle\documents\github\sudokusolver\sudokusolver\algorithms.h(328): error C2672: 'std::for_each': no matching overloaded function found
c:\users\grayson spidle\documents\github\sudokusolver\sudokusolver\algorithms.h(332): error C2780: '_Fn std::for_each(_InIt,_InIt,_Fn)': expects 3 arguments - 2 provided
  c:\program files (x86)\microsoft visual studio\2017\community\vc\tools\msvc\14.16.27023\include\algorithm(85): note: see declaration of 'std::for_each'
